07:38:28.370 [main] INFO  - goto my Account-- Click on login
07:38:29.865 [main] INFO  - Clicked on login
07:46:54.796 [main] INFO  - goto my Account-- Click on login
07:46:56.360 [main] INFO  - Clicked on login
07:56:25.908 [main] INFO  - goto my Account-- Click on login
07:56:27.440 [main] INFO  - Clicked on login
08:00:22.104 [main] INFO  - goto my Account-- Click on login
08:00:23.793 [main] INFO  - Clicked on login
08:01:09.221 [main] INFO  - goto my Account-- Click on login
08:01:10.763 [main] INFO  - Clicked on login
08:16:07.535 [main] INFO  - goto my Account-- Click on login
08:16:09.197 [main] INFO  - Clicked on login
07:41:48.073 [main] INFO  - Goto to my account and click on register
07:43:46.066 [main] INFO  - Goto to my account and click on register
07:55:43.041 [main] INFO  - Goto to my account and click on register
08:29:11.828 [main] INFO  - goto my Account-- Click on login
08:29:13.342 [main] INFO  - Clicked on login
08:29:16.658 [main] INFO  - goto my Account-- Click on login
08:29:18.191 [main] INFO  - Clicked on login
07:52:01.647 [main] INFO  - goto my Account-- Click on login
07:52:06.083 [main] INFO  - goto my Account-- Click on login
07:52:09.856 [main] INFO  - goto my Account-- Click on login
08:40:36.967 [main] INFO  - goto my Account-- Click on login
08:40:38.676 [main] INFO  - Clicked on login
08:40:41.869 [main] INFO  - goto my Account-- Click on login
08:40:43.594 [main] INFO  - Clicked on login
08:41:42.927 [main] INFO  - goto my Account-- Click on login
08:41:43.572 [main] DEBUG - Parsing relationship: /xl/_rels/workbook.xml.rels
08:41:43.574 [main] DEBUG - Parsing relationship: /xl/worksheets/_rels/sheet1.xml.rels
08:41:43.576 [main] DEBUG - Parsing relationship: /_rels/.rels
08:41:43.715 [main] TRACE - Loading type system org.apache.poi.schemas.ooxml.system.ooxml
08:41:43.719 [main] TRACE - Loading type system org.apache.xmlbeans.metadata.system.sXMLCONFIG
08:41:43.719 [main] TRACE - Loading type system org.apache.xmlbeans.metadata.system.sXMLLANG
08:41:43.720 [main] TRACE - Loading type system org.apache.xmlbeans.metadata.system.sXMLSCHEMA
08:41:43.720 [main] TRACE - Loading type system org.apache.xmlbeans.metadata.system.sXMLTOOLS
08:41:43.721 [main] TRACE - Reading unresolved handles for type system org.apache.xmlbeans.metadata.system.sXMLTOOLS
08:41:43.730 [main] TRACE - Finished loading type system org.apache.xmlbeans.metadata.system.sXMLTOOLS
08:41:43.731 [main] TRACE - Reading unresolved handles for type system org.apache.xmlbeans.metadata.system.sXMLSCHEMA
08:41:43.734 [main] TRACE - Finished loading type system org.apache.xmlbeans.metadata.system.sXMLSCHEMA
08:41:43.734 [main] TRACE - Reading unresolved handles for type system org.apache.xmlbeans.metadata.system.sXMLLANG
08:41:43.735 [main] TRACE - Finished loading type system org.apache.xmlbeans.metadata.system.sXMLLANG
08:41:43.736 [main] TRACE - Reading unresolved handles for type system org.apache.xmlbeans.metadata.system.sXMLCONFIG
08:41:43.736 [main] TRACE - Finished loading type system org.apache.xmlbeans.metadata.system.sXMLCONFIG
08:41:43.737 [main] TRACE - Reading unresolved handles for type system org.apache.poi.schemas.ooxml.system.ooxml
08:41:43.789 [main] TRACE - Finished loading type system org.apache.poi.schemas.ooxml.system.ooxml
08:41:43.790 [main] TRACE - Resolving type for handle themefd26doctype
08:41:43.838 [main] TRACE - Resolving type for handle stylesheet5d8bdoctype
08:41:43.847 [main] TRACE - Resolving type for handle ctstylesheet4257type
08:41:43.853 [main] TRACE - Resolving type for handle ctfonts6623type
08:41:43.856 [main] TRACE - Resolving type for handle ctfont14d8type
08:41:43.860 [main] TRACE - Resolving type for handle ctfills2c6ftype
08:41:43.862 [main] TRACE - Resolving type for handle ctfill550ctype
08:41:43.864 [main] TRACE - Resolving type for handle ctborders0d66type
08:41:43.866 [main] TRACE - Resolving type for handle ctborderf935type
08:41:43.870 [main] TRACE - Resolving type for handle ctcellxfs1322type
08:41:43.874 [main] TRACE - Resolving type for handle ctxf97f7type
08:41:43.879 [main] TRACE - Resolving type for handle ctcellstylexfsa81ftype
08:41:43.882 [main] TRACE - Resolving type for handle ctdxfsb26atype
08:41:43.885 [main] TRACE - Resolving type for handle cttablestyles872ftype
08:41:43.889 [main] TRACE - Resolving type for handle sstf81fdoctype
08:41:43.893 [main] TRACE - Resolving type for handle ctsst44f3type
08:41:43.903 [main] TRACE - Resolving type for handle ctrsta472type
08:41:43.927 [main] DEBUG - using default POIXMLDocumentPart for http://schemas.openxmlformats.org/officeDocument/2006/relationships/printerSettings
08:41:43.928 [main] TRACE - Resolving type for handle workbookec17doctype
08:41:43.944 [main] TRACE - Resolving type for handle ctworkbook83c3type
08:41:43.949 [main] TRACE - Resolving type for handle ctsheets49fdtype
08:41:43.952 [main] TRACE - Resolving type for handle ctsheet4dbetype
08:41:43.954 [main] TRACE - Resolving type for handle strelationshipid1e94type
08:41:43.955 [main] TRACE - Resolving type for handle worksheetf539doctype
08:41:43.959 [main] TRACE - Resolving type for handle ctworksheet530dtype
08:41:43.966 [main] TRACE - Resolving type for handle ctcols627ctype
08:41:43.971 [main] TRACE - Resolving type for handle ctcola95ftype
08:41:43.985 [main] TRACE - Resolving type for handle ctsheetdata8408type
08:41:43.989 [main] TRACE - Resolving type for handle ctrowdd39type
08:41:43.993 [main] TRACE - Resolving type for handle ctcell842btype
08:41:43.999 [main] TRACE - Resolving type for handle stcellrefe4e0type
08:41:44.004 [main] TRACE - Resolving type for handle cthyperlinks6416type
08:41:44.007 [main] TRACE - Resolving type for handle cthyperlink0c85type
08:41:44.012 [main] TRACE - Resolving type for handle stxstringf179type
08:41:44.015 [main] TRACE - Resolving type for handle stcelltypebf95type
08:41:48.212 [main] INFO  - goto my Account-- Click on login
08:41:48.802 [main] DEBUG - Parsing relationship: /xl/_rels/workbook.xml.rels
08:41:48.805 [main] DEBUG - Parsing relationship: /xl/worksheets/_rels/sheet1.xml.rels
08:41:48.812 [main] DEBUG - Parsing relationship: /_rels/.rels
08:41:48.834 [main] DEBUG - using default POIXMLDocumentPart for http://schemas.openxmlformats.org/officeDocument/2006/relationships/printerSettings
08:41:53.822 [main] INFO  - goto my Account-- Click on login
08:41:54.351 [main] DEBUG - Parsing relationship: /xl/_rels/workbook.xml.rels
08:41:54.354 [main] DEBUG - Parsing relationship: /xl/worksheets/_rels/sheet1.xml.rels
08:41:54.364 [main] DEBUG - Parsing relationship: /_rels/.rels
08:41:54.373 [main] DEBUG - using default POIXMLDocumentPart for http://schemas.openxmlformats.org/officeDocument/2006/relationships/printerSettings
08:41:59.469 [main] INFO  - goto my Account-- Click on login
08:42:00.058 [main] DEBUG - Parsing relationship: /xl/_rels/workbook.xml.rels
08:42:00.059 [main] DEBUG - Parsing relationship: /xl/worksheets/_rels/sheet1.xml.rels
08:42:00.065 [main] DEBUG - Parsing relationship: /_rels/.rels
08:42:00.081 [main] DEBUG - using default POIXMLDocumentPart for http://schemas.openxmlformats.org/officeDocument/2006/relationships/printerSettings
08:42:14.383 [main] INFO  - goto my Account-- Click on login
08:42:14.949 [main] DEBUG - Parsing relationship: /xl/_rels/workbook.xml.rels
08:42:14.952 [main] DEBUG - Parsing relationship: /xl/worksheets/_rels/sheet1.xml.rels
08:42:14.953 [main] DEBUG - Parsing relationship: /_rels/.rels
08:42:14.979 [main] DEBUG - using default POIXMLDocumentPart for http://schemas.openxmlformats.org/officeDocument/2006/relationships/printerSettings
08:44:37.803 [main] INFO  - goto my Account-- Click on login
08:44:38.476 [main] DEBUG - Parsing relationship: /xl/_rels/workbook.xml.rels
08:44:38.479 [main] DEBUG - Parsing relationship: /xl/worksheets/_rels/sheet1.xml.rels
08:44:38.481 [main] DEBUG - Parsing relationship: /_rels/.rels
08:44:38.618 [main] TRACE - Loading type system org.apache.poi.schemas.ooxml.system.ooxml
08:44:38.622 [main] TRACE - Loading type system org.apache.xmlbeans.metadata.system.sXMLCONFIG
08:44:38.622 [main] TRACE - Loading type system org.apache.xmlbeans.metadata.system.sXMLLANG
08:44:38.623 [main] TRACE - Loading type system org.apache.xmlbeans.metadata.system.sXMLSCHEMA
08:44:38.623 [main] TRACE - Loading type system org.apache.xmlbeans.metadata.system.sXMLTOOLS
08:44:38.624 [main] TRACE - Reading unresolved handles for type system org.apache.xmlbeans.metadata.system.sXMLTOOLS
08:44:38.633 [main] TRACE - Finished loading type system org.apache.xmlbeans.metadata.system.sXMLTOOLS
08:44:38.634 [main] TRACE - Reading unresolved handles for type system org.apache.xmlbeans.metadata.system.sXMLSCHEMA
08:44:38.637 [main] TRACE - Finished loading type system org.apache.xmlbeans.metadata.system.sXMLSCHEMA
08:44:38.638 [main] TRACE - Reading unresolved handles for type system org.apache.xmlbeans.metadata.system.sXMLLANG
08:44:38.639 [main] TRACE - Finished loading type system org.apache.xmlbeans.metadata.system.sXMLLANG
08:44:38.640 [main] TRACE - Reading unresolved handles for type system org.apache.xmlbeans.metadata.system.sXMLCONFIG
08:44:38.640 [main] TRACE - Finished loading type system org.apache.xmlbeans.metadata.system.sXMLCONFIG
08:44:38.641 [main] TRACE - Reading unresolved handles for type system org.apache.poi.schemas.ooxml.system.ooxml
08:44:38.687 [main] TRACE - Finished loading type system org.apache.poi.schemas.ooxml.system.ooxml
08:44:38.688 [main] TRACE - Resolving type for handle themefd26doctype
08:44:38.735 [main] TRACE - Resolving type for handle stylesheet5d8bdoctype
08:44:38.741 [main] TRACE - Resolving type for handle ctstylesheet4257type
08:44:38.746 [main] TRACE - Resolving type for handle ctfonts6623type
08:44:38.749 [main] TRACE - Resolving type for handle ctfont14d8type
08:44:38.754 [main] TRACE - Resolving type for handle ctfills2c6ftype
08:44:38.756 [main] TRACE - Resolving type for handle ctfill550ctype
08:44:38.759 [main] TRACE - Resolving type for handle ctborders0d66type
08:44:38.762 [main] TRACE - Resolving type for handle ctborderf935type
08:44:38.765 [main] TRACE - Resolving type for handle ctcellxfs1322type
08:44:38.768 [main] TRACE - Resolving type for handle ctxf97f7type
08:44:38.772 [main] TRACE - Resolving type for handle ctcellstylexfsa81ftype
08:44:38.775 [main] TRACE - Resolving type for handle ctdxfsb26atype
08:44:38.777 [main] TRACE - Resolving type for handle cttablestyles872ftype
08:44:38.781 [main] TRACE - Resolving type for handle sstf81fdoctype
08:44:38.785 [main] TRACE - Resolving type for handle ctsst44f3type
08:44:38.794 [main] TRACE - Resolving type for handle ctrsta472type
08:44:38.816 [main] DEBUG - using default POIXMLDocumentPart for http://schemas.openxmlformats.org/officeDocument/2006/relationships/printerSettings
08:44:38.817 [main] TRACE - Resolving type for handle workbookec17doctype
08:44:38.828 [main] TRACE - Resolving type for handle ctworkbook83c3type
08:44:38.833 [main] TRACE - Resolving type for handle ctsheets49fdtype
08:44:38.837 [main] TRACE - Resolving type for handle ctsheet4dbetype
08:44:38.839 [main] TRACE - Resolving type for handle strelationshipid1e94type
08:44:38.841 [main] TRACE - Resolving type for handle worksheetf539doctype
08:44:38.846 [main] TRACE - Resolving type for handle ctworksheet530dtype
08:44:38.852 [main] TRACE - Resolving type for handle ctcols627ctype
08:44:38.856 [main] TRACE - Resolving type for handle ctcola95ftype
08:44:38.869 [main] TRACE - Resolving type for handle ctsheetdata8408type
08:44:38.872 [main] TRACE - Resolving type for handle ctrowdd39type
08:44:38.878 [main] TRACE - Resolving type for handle ctcell842btype
08:44:38.885 [main] TRACE - Resolving type for handle stcellrefe4e0type
08:44:38.891 [main] TRACE - Resolving type for handle cthyperlinks6416type
08:44:38.893 [main] TRACE - Resolving type for handle cthyperlink0c85type
08:44:38.898 [main] TRACE - Resolving type for handle stxstringf179type
08:44:38.902 [main] TRACE - Resolving type for handle stcelltypebf95type
08:44:43.950 [main] INFO  - goto my Account-- Click on login
08:44:44.649 [main] DEBUG - Parsing relationship: /xl/_rels/workbook.xml.rels
08:44:44.650 [main] DEBUG - Parsing relationship: /xl/worksheets/_rels/sheet1.xml.rels
08:44:44.657 [main] DEBUG - Parsing relationship: /_rels/.rels
08:44:44.674 [main] DEBUG - using default POIXMLDocumentPart for http://schemas.openxmlformats.org/officeDocument/2006/relationships/printerSettings
08:44:50.373 [main] INFO  - goto my Account-- Click on login
08:44:50.894 [main] DEBUG - Parsing relationship: /xl/_rels/workbook.xml.rels
08:44:50.901 [main] DEBUG - Parsing relationship: /xl/worksheets/_rels/sheet1.xml.rels
08:44:50.905 [main] DEBUG - Parsing relationship: /_rels/.rels
08:44:50.922 [main] DEBUG - using default POIXMLDocumentPart for http://schemas.openxmlformats.org/officeDocument/2006/relationships/printerSettings
08:44:56.555 [main] INFO  - goto my Account-- Click on login
08:44:57.104 [main] DEBUG - Parsing relationship: /xl/_rels/workbook.xml.rels
08:44:57.104 [main] DEBUG - Parsing relationship: /xl/worksheets/_rels/sheet1.xml.rels
08:44:57.105 [main] DEBUG - Parsing relationship: /_rels/.rels
08:44:57.118 [main] DEBUG - using default POIXMLDocumentPart for http://schemas.openxmlformats.org/officeDocument/2006/relationships/printerSettings
08:45:11.697 [main] INFO  - goto my Account-- Click on login
08:45:12.217 [main] DEBUG - Parsing relationship: /xl/_rels/workbook.xml.rels
08:45:12.222 [main] DEBUG - Parsing relationship: /xl/worksheets/_rels/sheet1.xml.rels
08:45:12.226 [main] DEBUG - Parsing relationship: /_rels/.rels
08:45:12.242 [main] DEBUG - using default POIXMLDocumentPart for http://schemas.openxmlformats.org/officeDocument/2006/relationships/printerSettings
08:46:22.803 [main] INFO  - goto my Account-- Click on login
08:46:23.519 [main] DEBUG - Parsing relationship: /xl/_rels/workbook.xml.rels
08:46:23.522 [main] DEBUG - Parsing relationship: /xl/worksheets/_rels/sheet1.xml.rels
08:46:23.525 [main] DEBUG - Parsing relationship: /_rels/.rels
08:46:23.629 [main] TRACE - Loading type system org.apache.poi.schemas.ooxml.system.ooxml
08:46:23.631 [main] TRACE - Loading type system org.apache.xmlbeans.metadata.system.sXMLCONFIG
08:46:23.632 [main] TRACE - Loading type system org.apache.xmlbeans.metadata.system.sXMLLANG
08:46:23.632 [main] TRACE - Loading type system org.apache.xmlbeans.metadata.system.sXMLSCHEMA
08:46:23.632 [main] TRACE - Loading type system org.apache.xmlbeans.metadata.system.sXMLTOOLS
08:46:23.634 [main] TRACE - Reading unresolved handles for type system org.apache.xmlbeans.metadata.system.sXMLTOOLS
08:46:23.642 [main] TRACE - Finished loading type system org.apache.xmlbeans.metadata.system.sXMLTOOLS
08:46:23.643 [main] TRACE - Reading unresolved handles for type system org.apache.xmlbeans.metadata.system.sXMLSCHEMA
08:46:23.646 [main] TRACE - Finished loading type system org.apache.xmlbeans.metadata.system.sXMLSCHEMA
08:46:23.647 [main] TRACE - Reading unresolved handles for type system org.apache.xmlbeans.metadata.system.sXMLLANG
08:46:23.648 [main] TRACE - Finished loading type system org.apache.xmlbeans.metadata.system.sXMLLANG
08:46:23.649 [main] TRACE - Reading unresolved handles for type system org.apache.xmlbeans.metadata.system.sXMLCONFIG
08:46:23.649 [main] TRACE - Finished loading type system org.apache.xmlbeans.metadata.system.sXMLCONFIG
08:46:23.650 [main] TRACE - Reading unresolved handles for type system org.apache.poi.schemas.ooxml.system.ooxml
08:46:23.696 [main] TRACE - Finished loading type system org.apache.poi.schemas.ooxml.system.ooxml
08:46:23.697 [main] TRACE - Resolving type for handle themefd26doctype
08:46:23.734 [main] TRACE - Resolving type for handle stylesheet5d8bdoctype
08:46:23.738 [main] TRACE - Resolving type for handle ctstylesheet4257type
08:46:23.742 [main] TRACE - Resolving type for handle ctfonts6623type
08:46:23.744 [main] TRACE - Resolving type for handle ctfont14d8type
08:46:23.754 [main] TRACE - Resolving type for handle ctfills2c6ftype
08:46:23.756 [main] TRACE - Resolving type for handle ctfill550ctype
08:46:23.758 [main] TRACE - Resolving type for handle ctborders0d66type
08:46:23.759 [main] TRACE - Resolving type for handle ctborderf935type
08:46:23.761 [main] TRACE - Resolving type for handle ctcellxfs1322type
08:46:23.764 [main] TRACE - Resolving type for handle ctxf97f7type
08:46:23.766 [main] TRACE - Resolving type for handle ctcellstylexfsa81ftype
08:46:23.767 [main] TRACE - Resolving type for handle ctdxfsb26atype
08:46:23.769 [main] TRACE - Resolving type for handle cttablestyles872ftype
08:46:23.773 [main] TRACE - Resolving type for handle sstf81fdoctype
08:46:23.776 [main] TRACE - Resolving type for handle ctsst44f3type
08:46:23.784 [main] TRACE - Resolving type for handle ctrsta472type
08:46:23.807 [main] DEBUG - using default POIXMLDocumentPart for http://schemas.openxmlformats.org/officeDocument/2006/relationships/printerSettings
08:46:23.808 [main] TRACE - Resolving type for handle workbookec17doctype
08:46:23.822 [main] TRACE - Resolving type for handle ctworkbook83c3type
08:46:23.826 [main] TRACE - Resolving type for handle ctsheets49fdtype
08:46:23.828 [main] TRACE - Resolving type for handle ctsheet4dbetype
08:46:23.830 [main] TRACE - Resolving type for handle strelationshipid1e94type
08:46:23.831 [main] TRACE - Resolving type for handle worksheetf539doctype
08:46:23.836 [main] TRACE - Resolving type for handle ctworksheet530dtype
08:46:23.841 [main] TRACE - Resolving type for handle ctcols627ctype
08:46:23.844 [main] TRACE - Resolving type for handle ctcola95ftype
08:46:23.855 [main] TRACE - Resolving type for handle ctsheetdata8408type
08:46:23.857 [main] TRACE - Resolving type for handle ctrowdd39type
08:46:23.863 [main] TRACE - Resolving type for handle ctcell842btype
08:46:23.870 [main] TRACE - Resolving type for handle stcellrefe4e0type
08:46:23.874 [main] TRACE - Resolving type for handle cthyperlinks6416type
08:46:23.876 [main] TRACE - Resolving type for handle cthyperlink0c85type
08:46:23.880 [main] TRACE - Resolving type for handle stxstringf179type
08:46:23.881 [main] TRACE - Resolving type for handle stcelltypebf95type
08:46:28.368 [main] INFO  - goto my Account-- Click on login
08:46:28.983 [main] DEBUG - Parsing relationship: /xl/_rels/workbook.xml.rels
08:46:28.986 [main] DEBUG - Parsing relationship: /xl/worksheets/_rels/sheet1.xml.rels
08:46:28.988 [main] DEBUG - Parsing relationship: /_rels/.rels
08:46:29.013 [main] DEBUG - using default POIXMLDocumentPart for http://schemas.openxmlformats.org/officeDocument/2006/relationships/printerSettings
08:46:34.319 [main] INFO  - goto my Account-- Click on login
08:46:35.115 [main] DEBUG - Parsing relationship: /xl/_rels/workbook.xml.rels
08:46:35.125 [main] DEBUG - Parsing relationship: /xl/worksheets/_rels/sheet1.xml.rels
08:46:35.126 [main] DEBUG - Parsing relationship: /_rels/.rels
08:46:35.150 [main] DEBUG - using default POIXMLDocumentPart for http://schemas.openxmlformats.org/officeDocument/2006/relationships/printerSettings
08:46:40.073 [main] INFO  - goto my Account-- Click on login
08:46:40.830 [main] DEBUG - Parsing relationship: /xl/_rels/workbook.xml.rels
08:46:40.834 [main] DEBUG - Parsing relationship: /xl/worksheets/_rels/sheet1.xml.rels
08:46:40.839 [main] DEBUG - Parsing relationship: /_rels/.rels
08:46:40.864 [main] DEBUG - using default POIXMLDocumentPart for http://schemas.openxmlformats.org/officeDocument/2006/relationships/printerSettings
08:46:54.984 [main] INFO  - goto my Account-- Click on login
08:46:55.602 [main] DEBUG - Parsing relationship: /xl/_rels/workbook.xml.rels
08:46:55.603 [main] DEBUG - Parsing relationship: /xl/worksheets/_rels/sheet1.xml.rels
08:46:55.606 [main] DEBUG - Parsing relationship: /_rels/.rels
08:46:55.622 [main] DEBUG - using default POIXMLDocumentPart for http://schemas.openxmlformats.org/officeDocument/2006/relationships/printerSettings
08:48:14.128 [main] INFO  - goto my Account-- Click on login
08:48:14.759 [main] DEBUG - Parsing relationship: /xl/_rels/workbook.xml.rels
08:48:14.762 [main] DEBUG - Parsing relationship: /xl/worksheets/_rels/sheet1.xml.rels
08:48:14.767 [main] DEBUG - Parsing relationship: /_rels/.rels
08:48:14.875 [main] TRACE - Loading type system org.apache.poi.schemas.ooxml.system.ooxml
08:48:14.876 [main] TRACE - Loading type system org.apache.xmlbeans.metadata.system.sXMLCONFIG
08:48:14.877 [main] TRACE - Loading type system org.apache.xmlbeans.metadata.system.sXMLLANG
08:48:14.877 [main] TRACE - Loading type system org.apache.xmlbeans.metadata.system.sXMLSCHEMA
08:48:14.878 [main] TRACE - Loading type system org.apache.xmlbeans.metadata.system.sXMLTOOLS
08:48:14.879 [main] TRACE - Reading unresolved handles for type system org.apache.xmlbeans.metadata.system.sXMLTOOLS
08:48:14.887 [main] TRACE - Finished loading type system org.apache.xmlbeans.metadata.system.sXMLTOOLS
08:48:14.888 [main] TRACE - Reading unresolved handles for type system org.apache.xmlbeans.metadata.system.sXMLSCHEMA
08:48:14.897 [main] TRACE - Finished loading type system org.apache.xmlbeans.metadata.system.sXMLSCHEMA
08:48:14.898 [main] TRACE - Reading unresolved handles for type system org.apache.xmlbeans.metadata.system.sXMLLANG
08:48:14.899 [main] TRACE - Finished loading type system org.apache.xmlbeans.metadata.system.sXMLLANG
08:48:14.900 [main] TRACE - Reading unresolved handles for type system org.apache.xmlbeans.metadata.system.sXMLCONFIG
08:48:14.901 [main] TRACE - Finished loading type system org.apache.xmlbeans.metadata.system.sXMLCONFIG
08:48:14.901 [main] TRACE - Reading unresolved handles for type system org.apache.poi.schemas.ooxml.system.ooxml
08:48:14.944 [main] TRACE - Finished loading type system org.apache.poi.schemas.ooxml.system.ooxml
08:48:14.944 [main] TRACE - Resolving type for handle themefd26doctype
08:48:14.984 [main] TRACE - Resolving type for handle stylesheet5d8bdoctype
08:48:14.988 [main] TRACE - Resolving type for handle ctstylesheet4257type
08:48:14.991 [main] TRACE - Resolving type for handle ctfonts6623type
08:48:14.993 [main] TRACE - Resolving type for handle ctfont14d8type
08:48:14.997 [main] TRACE - Resolving type for handle ctfills2c6ftype
08:48:14.999 [main] TRACE - Resolving type for handle ctfill550ctype
08:48:15.001 [main] TRACE - Resolving type for handle ctborders0d66type
08:48:15.002 [main] TRACE - Resolving type for handle ctborderf935type
08:48:15.005 [main] TRACE - Resolving type for handle ctcellxfs1322type
08:48:15.010 [main] TRACE - Resolving type for handle ctxf97f7type
08:48:15.015 [main] TRACE - Resolving type for handle ctcellstylexfsa81ftype
08:48:15.017 [main] TRACE - Resolving type for handle ctdxfsb26atype
08:48:15.022 [main] TRACE - Resolving type for handle cttablestyles872ftype
08:48:15.025 [main] TRACE - Resolving type for handle sstf81fdoctype
08:48:15.030 [main] TRACE - Resolving type for handle ctsst44f3type
08:48:15.039 [main] TRACE - Resolving type for handle ctrsta472type
08:48:15.064 [main] DEBUG - using default POIXMLDocumentPart for http://schemas.openxmlformats.org/officeDocument/2006/relationships/printerSettings
08:48:15.066 [main] TRACE - Resolving type for handle workbookec17doctype
08:48:15.080 [main] TRACE - Resolving type for handle ctworkbook83c3type
08:48:15.083 [main] TRACE - Resolving type for handle ctsheets49fdtype
08:48:15.085 [main] TRACE - Resolving type for handle ctsheet4dbetype
08:48:15.086 [main] TRACE - Resolving type for handle strelationshipid1e94type
08:48:15.087 [main] TRACE - Resolving type for handle worksheetf539doctype
08:48:15.092 [main] TRACE - Resolving type for handle ctworksheet530dtype
08:48:15.098 [main] TRACE - Resolving type for handle ctcols627ctype
08:48:15.101 [main] TRACE - Resolving type for handle ctcola95ftype
08:48:15.114 [main] TRACE - Resolving type for handle ctsheetdata8408type
08:48:15.116 [main] TRACE - Resolving type for handle ctrowdd39type
08:48:15.120 [main] TRACE - Resolving type for handle ctcell842btype
08:48:15.124 [main] TRACE - Resolving type for handle stcellrefe4e0type
08:48:15.128 [main] TRACE - Resolving type for handle cthyperlinks6416type
08:48:15.129 [main] TRACE - Resolving type for handle cthyperlink0c85type
08:48:15.133 [main] TRACE - Resolving type for handle stxstringf179type
08:48:15.135 [main] TRACE - Resolving type for handle stcelltypebf95type
08:48:20.141 [main] INFO  - goto my Account-- Click on login
08:48:20.801 [main] DEBUG - Parsing relationship: /xl/_rels/workbook.xml.rels
08:48:20.802 [main] DEBUG - Parsing relationship: /xl/worksheets/_rels/sheet1.xml.rels
08:48:20.814 [main] DEBUG - Parsing relationship: /_rels/.rels
08:48:20.829 [main] DEBUG - using default POIXMLDocumentPart for http://schemas.openxmlformats.org/officeDocument/2006/relationships/printerSettings
08:48:26.361 [main] INFO  - goto my Account-- Click on login
08:48:26.974 [main] DEBUG - Parsing relationship: /xl/_rels/workbook.xml.rels
08:48:26.980 [main] DEBUG - Parsing relationship: /xl/worksheets/_rels/sheet1.xml.rels
08:48:26.983 [main] DEBUG - Parsing relationship: /_rels/.rels
08:48:26.998 [main] DEBUG - using default POIXMLDocumentPart for http://schemas.openxmlformats.org/officeDocument/2006/relationships/printerSettings
08:48:32.143 [main] INFO  - goto my Account-- Click on login
08:48:32.712 [main] DEBUG - Parsing relationship: /xl/_rels/workbook.xml.rels
08:48:32.720 [main] DEBUG - Parsing relationship: /xl/worksheets/_rels/sheet1.xml.rels
08:48:32.723 [main] DEBUG - Parsing relationship: /_rels/.rels
08:48:32.738 [main] DEBUG - using default POIXMLDocumentPart for http://schemas.openxmlformats.org/officeDocument/2006/relationships/printerSettings
08:48:47.457 [main] INFO  - goto my Account-- Click on login
08:48:48.179 [main] DEBUG - Parsing relationship: /xl/_rels/workbook.xml.rels
08:48:48.183 [main] DEBUG - Parsing relationship: /xl/worksheets/_rels/sheet1.xml.rels
08:48:48.190 [main] DEBUG - Parsing relationship: /_rels/.rels
08:48:48.206 [main] DEBUG - using default POIXMLDocumentPart for http://schemas.openxmlformats.org/officeDocument/2006/relationships/printerSettings
08:49:47.053 [main] INFO  - goto my Account-- Click on login
08:49:47.681 [main] DEBUG - Parsing relationship: /xl/_rels/workbook.xml.rels
08:49:47.684 [main] DEBUG - Parsing relationship: /xl/worksheets/_rels/sheet1.xml.rels
08:49:47.688 [main] DEBUG - Parsing relationship: /_rels/.rels
08:49:47.797 [main] TRACE - Loading type system org.apache.poi.schemas.ooxml.system.ooxml
08:49:47.799 [main] TRACE - Loading type system org.apache.xmlbeans.metadata.system.sXMLCONFIG
08:49:47.800 [main] TRACE - Loading type system org.apache.xmlbeans.metadata.system.sXMLLANG
08:49:47.801 [main] TRACE - Loading type system org.apache.xmlbeans.metadata.system.sXMLSCHEMA
08:49:47.801 [main] TRACE - Loading type system org.apache.xmlbeans.metadata.system.sXMLTOOLS
08:49:47.802 [main] TRACE - Reading unresolved handles for type system org.apache.xmlbeans.metadata.system.sXMLTOOLS
08:49:47.810 [main] TRACE - Finished loading type system org.apache.xmlbeans.metadata.system.sXMLTOOLS
08:49:47.811 [main] TRACE - Reading unresolved handles for type system org.apache.xmlbeans.metadata.system.sXMLSCHEMA
08:49:47.815 [main] TRACE - Finished loading type system org.apache.xmlbeans.metadata.system.sXMLSCHEMA
08:49:47.816 [main] TRACE - Reading unresolved handles for type system org.apache.xmlbeans.metadata.system.sXMLLANG
08:49:47.817 [main] TRACE - Finished loading type system org.apache.xmlbeans.metadata.system.sXMLLANG
08:49:47.818 [main] TRACE - Reading unresolved handles for type system org.apache.xmlbeans.metadata.system.sXMLCONFIG
08:49:47.819 [main] TRACE - Finished loading type system org.apache.xmlbeans.metadata.system.sXMLCONFIG
08:49:47.819 [main] TRACE - Reading unresolved handles for type system org.apache.poi.schemas.ooxml.system.ooxml
08:49:47.873 [main] TRACE - Finished loading type system org.apache.poi.schemas.ooxml.system.ooxml
08:49:47.874 [main] TRACE - Resolving type for handle themefd26doctype
08:49:47.913 [main] TRACE - Resolving type for handle stylesheet5d8bdoctype
08:49:47.917 [main] TRACE - Resolving type for handle ctstylesheet4257type
08:49:47.920 [main] TRACE - Resolving type for handle ctfonts6623type
08:49:47.923 [main] TRACE - Resolving type for handle ctfont14d8type
08:49:47.926 [main] TRACE - Resolving type for handle ctfills2c6ftype
08:49:47.928 [main] TRACE - Resolving type for handle ctfill550ctype
08:49:47.930 [main] TRACE - Resolving type for handle ctborders0d66type
08:49:47.931 [main] TRACE - Resolving type for handle ctborderf935type
08:49:47.933 [main] TRACE - Resolving type for handle ctcellxfs1322type
08:49:47.936 [main] TRACE - Resolving type for handle ctxf97f7type
08:49:47.939 [main] TRACE - Resolving type for handle ctcellstylexfsa81ftype
08:49:47.940 [main] TRACE - Resolving type for handle ctdxfsb26atype
08:49:47.942 [main] TRACE - Resolving type for handle cttablestyles872ftype
08:49:47.945 [main] TRACE - Resolving type for handle sstf81fdoctype
08:49:47.948 [main] TRACE - Resolving type for handle ctsst44f3type
08:49:47.955 [main] TRACE - Resolving type for handle ctrsta472type
08:49:47.987 [main] DEBUG - using default POIXMLDocumentPart for http://schemas.openxmlformats.org/officeDocument/2006/relationships/printerSettings
08:49:47.989 [main] TRACE - Resolving type for handle workbookec17doctype
08:49:47.994 [main] TRACE - Resolving type for handle ctworkbook83c3type
08:49:47.998 [main] TRACE - Resolving type for handle ctsheets49fdtype
08:49:48.000 [main] TRACE - Resolving type for handle ctsheet4dbetype
08:49:48.002 [main] TRACE - Resolving type for handle strelationshipid1e94type
08:49:48.003 [main] TRACE - Resolving type for handle worksheetf539doctype
08:49:48.007 [main] TRACE - Resolving type for handle ctworksheet530dtype
08:49:48.013 [main] TRACE - Resolving type for handle ctcols627ctype
08:49:48.016 [main] TRACE - Resolving type for handle ctcola95ftype
08:49:48.027 [main] TRACE - Resolving type for handle ctsheetdata8408type
08:49:48.029 [main] TRACE - Resolving type for handle ctrowdd39type
08:49:48.034 [main] TRACE - Resolving type for handle ctcell842btype
08:49:48.038 [main] TRACE - Resolving type for handle stcellrefe4e0type
08:49:48.042 [main] TRACE - Resolving type for handle cthyperlinks6416type
08:49:48.044 [main] TRACE - Resolving type for handle cthyperlink0c85type
08:49:48.049 [main] TRACE - Resolving type for handle stxstringf179type
08:49:48.051 [main] TRACE - Resolving type for handle stcelltypebf95type
08:49:53.168 [main] INFO  - goto my Account-- Click on login
08:49:53.813 [main] DEBUG - Parsing relationship: /xl/_rels/workbook.xml.rels
08:49:53.815 [main] DEBUG - Parsing relationship: /xl/worksheets/_rels/sheet1.xml.rels
08:49:53.818 [main] DEBUG - Parsing relationship: /_rels/.rels
08:49:53.840 [main] DEBUG - using default POIXMLDocumentPart for http://schemas.openxmlformats.org/officeDocument/2006/relationships/printerSettings
08:49:59.108 [main] INFO  - goto my Account-- Click on login
08:49:59.718 [main] DEBUG - Parsing relationship: /xl/_rels/workbook.xml.rels
08:49:59.719 [main] DEBUG - Parsing relationship: /xl/worksheets/_rels/sheet1.xml.rels
08:49:59.719 [main] DEBUG - Parsing relationship: /_rels/.rels
08:49:59.732 [main] DEBUG - using default POIXMLDocumentPart for http://schemas.openxmlformats.org/officeDocument/2006/relationships/printerSettings
08:50:05.121 [main] INFO  - goto my Account-- Click on login
08:50:05.678 [main] DEBUG - Parsing relationship: /xl/_rels/workbook.xml.rels
08:50:05.679 [main] DEBUG - Parsing relationship: /xl/worksheets/_rels/sheet1.xml.rels
08:50:05.681 [main] DEBUG - Parsing relationship: /_rels/.rels
08:50:05.704 [main] DEBUG - using default POIXMLDocumentPart for http://schemas.openxmlformats.org/officeDocument/2006/relationships/printerSettings
08:50:19.857 [main] INFO  - goto my Account-- Click on login
08:50:20.456 [main] DEBUG - Parsing relationship: /xl/_rels/workbook.xml.rels
08:50:20.457 [main] DEBUG - Parsing relationship: /xl/worksheets/_rels/sheet1.xml.rels
08:50:20.458 [main] DEBUG - Parsing relationship: /_rels/.rels
08:50:20.489 [main] DEBUG - using default POIXMLDocumentPart for http://schemas.openxmlformats.org/officeDocument/2006/relationships/printerSettings
08:51:19.353 [main] INFO  - goto my Account-- Click on login
08:51:20.018 [main] DEBUG - Parsing relationship: /xl/_rels/workbook.xml.rels
08:51:20.020 [main] DEBUG - Parsing relationship: /xl/worksheets/_rels/sheet1.xml.rels
08:51:20.021 [main] DEBUG - Parsing relationship: /_rels/.rels
08:51:20.137 [main] TRACE - Loading type system org.apache.poi.schemas.ooxml.system.ooxml
08:51:20.139 [main] TRACE - Loading type system org.apache.xmlbeans.metadata.system.sXMLCONFIG
08:51:20.139 [main] TRACE - Loading type system org.apache.xmlbeans.metadata.system.sXMLLANG
08:51:20.140 [main] TRACE - Loading type system org.apache.xmlbeans.metadata.system.sXMLSCHEMA
08:51:20.140 [main] TRACE - Loading type system org.apache.xmlbeans.metadata.system.sXMLTOOLS
08:51:20.141 [main] TRACE - Reading unresolved handles for type system org.apache.xmlbeans.metadata.system.sXMLTOOLS
08:51:20.148 [main] TRACE - Finished loading type system org.apache.xmlbeans.metadata.system.sXMLTOOLS
08:51:20.149 [main] TRACE - Reading unresolved handles for type system org.apache.xmlbeans.metadata.system.sXMLSCHEMA
08:51:20.153 [main] TRACE - Finished loading type system org.apache.xmlbeans.metadata.system.sXMLSCHEMA
08:51:20.154 [main] TRACE - Reading unresolved handles for type system org.apache.xmlbeans.metadata.system.sXMLLANG
08:51:20.155 [main] TRACE - Finished loading type system org.apache.xmlbeans.metadata.system.sXMLLANG
08:51:20.155 [main] TRACE - Reading unresolved handles for type system org.apache.xmlbeans.metadata.system.sXMLCONFIG
08:51:20.161 [main] TRACE - Finished loading type system org.apache.xmlbeans.metadata.system.sXMLCONFIG
08:51:20.162 [main] TRACE - Reading unresolved handles for type system org.apache.poi.schemas.ooxml.system.ooxml
08:51:20.204 [main] TRACE - Finished loading type system org.apache.poi.schemas.ooxml.system.ooxml
08:51:20.205 [main] TRACE - Resolving type for handle themefd26doctype
08:51:20.245 [main] TRACE - Resolving type for handle stylesheet5d8bdoctype
08:51:20.249 [main] TRACE - Resolving type for handle ctstylesheet4257type
08:51:20.252 [main] TRACE - Resolving type for handle ctfonts6623type
08:51:20.253 [main] TRACE - Resolving type for handle ctfont14d8type
08:51:20.258 [main] TRACE - Resolving type for handle ctfills2c6ftype
08:51:20.260 [main] TRACE - Resolving type for handle ctfill550ctype
08:51:20.262 [main] TRACE - Resolving type for handle ctborders0d66type
08:51:20.263 [main] TRACE - Resolving type for handle ctborderf935type
08:51:20.266 [main] TRACE - Resolving type for handle ctcellxfs1322type
08:51:20.268 [main] TRACE - Resolving type for handle ctxf97f7type
08:51:20.271 [main] TRACE - Resolving type for handle ctcellstylexfsa81ftype
08:51:20.273 [main] TRACE - Resolving type for handle ctdxfsb26atype
08:51:20.274 [main] TRACE - Resolving type for handle cttablestyles872ftype
08:51:20.277 [main] TRACE - Resolving type for handle sstf81fdoctype
08:51:20.281 [main] TRACE - Resolving type for handle ctsst44f3type
08:51:20.292 [main] TRACE - Resolving type for handle ctrsta472type
08:51:20.317 [main] DEBUG - using default POIXMLDocumentPart for http://schemas.openxmlformats.org/officeDocument/2006/relationships/printerSettings
08:51:20.318 [main] TRACE - Resolving type for handle workbookec17doctype
08:51:20.331 [main] TRACE - Resolving type for handle ctworkbook83c3type
08:51:20.334 [main] TRACE - Resolving type for handle ctsheets49fdtype
08:51:20.336 [main] TRACE - Resolving type for handle ctsheet4dbetype
08:51:20.338 [main] TRACE - Resolving type for handle strelationshipid1e94type
08:51:20.339 [main] TRACE - Resolving type for handle worksheetf539doctype
08:51:20.344 [main] TRACE - Resolving type for handle ctworksheet530dtype
08:51:20.348 [main] TRACE - Resolving type for handle ctcols627ctype
08:51:20.351 [main] TRACE - Resolving type for handle ctcola95ftype
08:51:20.363 [main] TRACE - Resolving type for handle ctsheetdata8408type
08:51:20.366 [main] TRACE - Resolving type for handle ctrowdd39type
08:51:20.371 [main] TRACE - Resolving type for handle ctcell842btype
08:51:20.375 [main] TRACE - Resolving type for handle stcellrefe4e0type
08:51:20.379 [main] TRACE - Resolving type for handle cthyperlinks6416type
08:51:20.380 [main] TRACE - Resolving type for handle cthyperlink0c85type
08:51:20.384 [main] TRACE - Resolving type for handle stxstringf179type
08:51:20.386 [main] TRACE - Resolving type for handle stcelltypebf95type
08:51:24.722 [main] INFO  - goto my Account-- Click on login
08:51:25.288 [main] DEBUG - Parsing relationship: /xl/_rels/workbook.xml.rels
08:51:25.294 [main] DEBUG - Parsing relationship: /xl/worksheets/_rels/sheet1.xml.rels
08:51:25.296 [main] DEBUG - Parsing relationship: /_rels/.rels
08:51:25.321 [main] DEBUG - using default POIXMLDocumentPart for http://schemas.openxmlformats.org/officeDocument/2006/relationships/printerSettings
08:51:30.207 [main] INFO  - goto my Account-- Click on login
08:51:30.728 [main] DEBUG - Parsing relationship: /xl/_rels/workbook.xml.rels
08:51:30.729 [main] DEBUG - Parsing relationship: /xl/worksheets/_rels/sheet1.xml.rels
08:51:30.730 [main] DEBUG - Parsing relationship: /_rels/.rels
08:51:30.746 [main] DEBUG - using default POIXMLDocumentPart for http://schemas.openxmlformats.org/officeDocument/2006/relationships/printerSettings
08:51:35.911 [main] INFO  - goto my Account-- Click on login
08:51:36.439 [main] DEBUG - Parsing relationship: /xl/_rels/workbook.xml.rels
08:51:36.441 [main] DEBUG - Parsing relationship: /xl/worksheets/_rels/sheet1.xml.rels
08:51:36.442 [main] DEBUG - Parsing relationship: /_rels/.rels
08:51:36.463 [main] DEBUG - using default POIXMLDocumentPart for http://schemas.openxmlformats.org/officeDocument/2006/relationships/printerSettings
08:51:54.581 [main] INFO  - goto my Account-- Click on login
08:51:55.120 [main] DEBUG - Parsing relationship: /xl/_rels/workbook.xml.rels
08:51:55.122 [main] DEBUG - Parsing relationship: /xl/worksheets/_rels/sheet1.xml.rels
08:51:55.131 [main] DEBUG - Parsing relationship: /_rels/.rels
08:51:55.146 [main] DEBUG - using default POIXMLDocumentPart for http://schemas.openxmlformats.org/officeDocument/2006/relationships/printerSettings
07:25:29.042 [main] INFO  - goto my Account-- Click on login
07:25:29.928 [main] DEBUG - Parsing relationship: /xl/_rels/workbook.xml.rels
07:25:29.930 [main] DEBUG - Parsing relationship: /xl/worksheets/_rels/sheet1.xml.rels
07:25:29.935 [main] DEBUG - Parsing relationship: /_rels/.rels
07:25:30.101 [main] TRACE - Loading type system org.apache.poi.schemas.ooxml.system.ooxml
07:25:30.104 [main] TRACE - Loading type system org.apache.xmlbeans.metadata.system.sXMLCONFIG
07:25:30.104 [main] TRACE - Loading type system org.apache.xmlbeans.metadata.system.sXMLLANG
07:25:30.106 [main] TRACE - Loading type system org.apache.xmlbeans.metadata.system.sXMLSCHEMA
07:25:30.106 [main] TRACE - Loading type system org.apache.xmlbeans.metadata.system.sXMLTOOLS
07:25:30.108 [main] TRACE - Reading unresolved handles for type system org.apache.xmlbeans.metadata.system.sXMLTOOLS
07:25:30.118 [main] TRACE - Finished loading type system org.apache.xmlbeans.metadata.system.sXMLTOOLS
07:25:30.119 [main] TRACE - Reading unresolved handles for type system org.apache.xmlbeans.metadata.system.sXMLSCHEMA
07:25:30.127 [main] TRACE - Finished loading type system org.apache.xmlbeans.metadata.system.sXMLSCHEMA
07:25:30.129 [main] TRACE - Reading unresolved handles for type system org.apache.xmlbeans.metadata.system.sXMLLANG
07:25:30.130 [main] TRACE - Finished loading type system org.apache.xmlbeans.metadata.system.sXMLLANG
07:25:30.131 [main] TRACE - Reading unresolved handles for type system org.apache.xmlbeans.metadata.system.sXMLCONFIG
07:25:30.132 [main] TRACE - Finished loading type system org.apache.xmlbeans.metadata.system.sXMLCONFIG
07:25:30.133 [main] TRACE - Reading unresolved handles for type system org.apache.poi.schemas.ooxml.system.ooxml
07:25:30.190 [main] TRACE - Finished loading type system org.apache.poi.schemas.ooxml.system.ooxml
07:25:30.191 [main] TRACE - Resolving type for handle themefd26doctype
07:25:30.246 [main] TRACE - Resolving type for handle stylesheet5d8bdoctype
07:25:30.253 [main] TRACE - Resolving type for handle ctstylesheet4257type
07:25:30.265 [main] TRACE - Resolving type for handle ctfonts6623type
07:25:30.270 [main] TRACE - Resolving type for handle ctfont14d8type
07:25:30.278 [main] TRACE - Resolving type for handle ctfills2c6ftype
07:25:30.281 [main] TRACE - Resolving type for handle ctfill550ctype
07:25:30.284 [main] TRACE - Resolving type for handle ctborders0d66type
07:25:30.286 [main] TRACE - Resolving type for handle ctborderf935type
07:25:30.307 [main] TRACE - Resolving type for handle ctcellxfs1322type
07:25:30.312 [main] TRACE - Resolving type for handle ctxf97f7type
07:25:30.316 [main] TRACE - Resolving type for handle ctcellstylexfsa81ftype
07:25:30.320 [main] TRACE - Resolving type for handle ctdxfsb26atype
07:25:30.322 [main] TRACE - Resolving type for handle cttablestyles872ftype
07:25:30.329 [main] TRACE - Resolving type for handle sstf81fdoctype
07:25:30.339 [main] TRACE - Resolving type for handle ctsst44f3type
07:25:30.348 [main] TRACE - Resolving type for handle ctrsta472type
07:25:30.369 [main] DEBUG - using default POIXMLDocumentPart for http://schemas.openxmlformats.org/officeDocument/2006/relationships/printerSettings
07:25:30.370 [main] TRACE - Resolving type for handle workbookec17doctype
07:25:30.376 [main] TRACE - Resolving type for handle ctworkbook83c3type
07:25:30.383 [main] TRACE - Resolving type for handle ctsheets49fdtype
07:25:30.388 [main] TRACE - Resolving type for handle ctsheet4dbetype
07:25:30.390 [main] TRACE - Resolving type for handle strelationshipid1e94type
07:25:30.393 [main] TRACE - Resolving type for handle worksheetf539doctype
07:25:30.401 [main] TRACE - Resolving type for handle ctworksheet530dtype
07:25:30.410 [main] TRACE - Resolving type for handle ctcols627ctype
07:25:30.416 [main] TRACE - Resolving type for handle ctcola95ftype
07:25:30.434 [main] TRACE - Resolving type for handle ctsheetdata8408type
07:25:30.439 [main] TRACE - Resolving type for handle ctrowdd39type
07:25:30.443 [main] TRACE - Resolving type for handle ctcell842btype
07:25:30.450 [main] TRACE - Resolving type for handle stcellrefe4e0type
07:25:30.458 [main] TRACE - Resolving type for handle cthyperlinks6416type
07:25:30.462 [main] TRACE - Resolving type for handle cthyperlink0c85type
07:25:30.472 [main] TRACE - Resolving type for handle stxstringf179type
07:25:30.476 [main] TRACE - Resolving type for handle stcelltypebf95type
07:25:35.900 [main] INFO  - goto my Account-- Click on login
07:25:36.501 [main] DEBUG - Parsing relationship: /xl/_rels/workbook.xml.rels
07:25:36.504 [main] DEBUG - Parsing relationship: /xl/worksheets/_rels/sheet1.xml.rels
07:25:36.505 [main] DEBUG - Parsing relationship: /_rels/.rels
07:25:36.535 [main] DEBUG - using default POIXMLDocumentPart for http://schemas.openxmlformats.org/officeDocument/2006/relationships/printerSettings
07:25:42.383 [main] INFO  - goto my Account-- Click on login
07:25:43.021 [main] DEBUG - Parsing relationship: /xl/_rels/workbook.xml.rels
07:25:43.022 [main] DEBUG - Parsing relationship: /xl/worksheets/_rels/sheet1.xml.rels
07:25:43.028 [main] DEBUG - Parsing relationship: /_rels/.rels
07:25:43.037 [main] DEBUG - using default POIXMLDocumentPart for http://schemas.openxmlformats.org/officeDocument/2006/relationships/printerSettings
07:25:57.210 [main] INFO  - goto my Account-- Click on login
07:25:57.891 [main] DEBUG - Parsing relationship: /xl/_rels/workbook.xml.rels
07:25:57.892 [main] DEBUG - Parsing relationship: /xl/worksheets/_rels/sheet1.xml.rels
07:25:57.894 [main] DEBUG - Parsing relationship: /_rels/.rels
07:25:57.922 [main] DEBUG - using default POIXMLDocumentPart for http://schemas.openxmlformats.org/officeDocument/2006/relationships/printerSettings
07:29:36.398 [main] INFO  - goto my Account-- Click on login
07:29:37.044 [main] DEBUG - Parsing relationship: /xl/_rels/workbook.xml.rels
07:29:37.047 [main] DEBUG - Parsing relationship: /xl/worksheets/_rels/sheet1.xml.rels
07:29:37.051 [main] DEBUG - Parsing relationship: /_rels/.rels
07:29:37.160 [main] TRACE - Loading type system org.apache.poi.schemas.ooxml.system.ooxml
07:29:37.162 [main] TRACE - Loading type system org.apache.xmlbeans.metadata.system.sXMLCONFIG
07:29:37.163 [main] TRACE - Loading type system org.apache.xmlbeans.metadata.system.sXMLLANG
07:29:37.163 [main] TRACE - Loading type system org.apache.xmlbeans.metadata.system.sXMLSCHEMA
07:29:37.164 [main] TRACE - Loading type system org.apache.xmlbeans.metadata.system.sXMLTOOLS
07:29:37.166 [main] TRACE - Reading unresolved handles for type system org.apache.xmlbeans.metadata.system.sXMLTOOLS
07:29:37.176 [main] TRACE - Finished loading type system org.apache.xmlbeans.metadata.system.sXMLTOOLS
07:29:37.176 [main] TRACE - Reading unresolved handles for type system org.apache.xmlbeans.metadata.system.sXMLSCHEMA
07:29:37.179 [main] TRACE - Finished loading type system org.apache.xmlbeans.metadata.system.sXMLSCHEMA
07:29:37.180 [main] TRACE - Reading unresolved handles for type system org.apache.xmlbeans.metadata.system.sXMLLANG
07:29:37.181 [main] TRACE - Finished loading type system org.apache.xmlbeans.metadata.system.sXMLLANG
07:29:37.182 [main] TRACE - Reading unresolved handles for type system org.apache.xmlbeans.metadata.system.sXMLCONFIG
07:29:37.183 [main] TRACE - Finished loading type system org.apache.xmlbeans.metadata.system.sXMLCONFIG
07:29:37.184 [main] TRACE - Reading unresolved handles for type system org.apache.poi.schemas.ooxml.system.ooxml
07:29:37.242 [main] TRACE - Finished loading type system org.apache.poi.schemas.ooxml.system.ooxml
07:29:37.243 [main] TRACE - Resolving type for handle themefd26doctype
07:29:37.285 [main] TRACE - Resolving type for handle stylesheet5d8bdoctype
07:29:37.289 [main] TRACE - Resolving type for handle ctstylesheet4257type
07:29:37.292 [main] TRACE - Resolving type for handle ctfonts6623type
07:29:37.293 [main] TRACE - Resolving type for handle ctfont14d8type
07:29:37.298 [main] TRACE - Resolving type for handle ctfills2c6ftype
07:29:37.300 [main] TRACE - Resolving type for handle ctfill550ctype
07:29:37.301 [main] TRACE - Resolving type for handle ctborders0d66type
07:29:37.303 [main] TRACE - Resolving type for handle ctborderf935type
07:29:37.304 [main] TRACE - Resolving type for handle ctcellxfs1322type
07:29:37.308 [main] TRACE - Resolving type for handle ctxf97f7type
07:29:37.311 [main] TRACE - Resolving type for handle ctcellstylexfsa81ftype
07:29:37.313 [main] TRACE - Resolving type for handle ctdxfsb26atype
07:29:37.316 [main] TRACE - Resolving type for handle cttablestyles872ftype
07:29:37.319 [main] TRACE - Resolving type for handle sstf81fdoctype
07:29:37.322 [main] TRACE - Resolving type for handle ctsst44f3type
07:29:37.330 [main] TRACE - Resolving type for handle ctrsta472type
07:29:37.356 [main] DEBUG - using default POIXMLDocumentPart for http://schemas.openxmlformats.org/officeDocument/2006/relationships/printerSettings
07:29:37.358 [main] TRACE - Resolving type for handle workbookec17doctype
07:29:37.367 [main] TRACE - Resolving type for handle ctworkbook83c3type
07:29:37.371 [main] TRACE - Resolving type for handle ctsheets49fdtype
07:29:37.373 [main] TRACE - Resolving type for handle ctsheet4dbetype
07:29:37.374 [main] TRACE - Resolving type for handle strelationshipid1e94type
07:29:37.376 [main] TRACE - Resolving type for handle worksheetf539doctype
07:29:37.380 [main] TRACE - Resolving type for handle ctworksheet530dtype
07:29:37.385 [main] TRACE - Resolving type for handle ctcols627ctype
07:29:37.389 [main] TRACE - Resolving type for handle ctcola95ftype
07:29:37.401 [main] TRACE - Resolving type for handle ctsheetdata8408type
07:29:37.403 [main] TRACE - Resolving type for handle ctrowdd39type
07:29:37.410 [main] TRACE - Resolving type for handle ctcell842btype
07:29:37.414 [main] TRACE - Resolving type for handle stcellrefe4e0type
07:29:37.418 [main] TRACE - Resolving type for handle cthyperlinks6416type
07:29:37.421 [main] TRACE - Resolving type for handle cthyperlink0c85type
07:29:37.427 [main] TRACE - Resolving type for handle stxstringf179type
07:29:37.429 [main] TRACE - Resolving type for handle stcelltypebf95type
07:29:41.409 [main] INFO  - goto my Account-- Click on login
07:29:42.176 [main] DEBUG - Parsing relationship: /xl/_rels/workbook.xml.rels
07:29:42.182 [main] DEBUG - Parsing relationship: /xl/worksheets/_rels/sheet1.xml.rels
07:29:42.184 [main] DEBUG - Parsing relationship: /_rels/.rels
07:29:42.201 [main] DEBUG - using default POIXMLDocumentPart for http://schemas.openxmlformats.org/officeDocument/2006/relationships/printerSettings
07:29:47.066 [main] INFO  - goto my Account-- Click on login
07:29:47.714 [main] DEBUG - Parsing relationship: /xl/_rels/workbook.xml.rels
07:29:47.715 [main] DEBUG - Parsing relationship: /xl/worksheets/_rels/sheet1.xml.rels
